c:\users\tanku\documents\projects\zerotrois\x64\debug\zerotrois.pdb
c:\users\tanku\documents\projects\zerotrois\x64\debug\zerotrois.idb
c:\users\tanku\documents\projects\zerotrois\zerotrois\x64\debug\zerotrois.obj
c:\users\tanku\documents\projects\zerotrois\zerotrois\x64\debug\pointlightrendersystem.obj
c:\users\tanku\documents\projects\zerotrois\zerotrois\x64\debug\modelrenderersystem.obj
c:\users\tanku\documents\projects\zerotrois\zerotrois\x64\debug\cameracontrollersystem.obj
c:\users\tanku\documents\projects\zerotrois\zerotrois\x64\debug\device.obj
c:\users\tanku\documents\projects\zerotrois\zerotrois\x64\debug\graphicsengine.obj
c:\users\tanku\documents\projects\zerotrois\zerotrois\x64\debug\buffer.obj
c:\users\tanku\documents\projects\zerotrois\zerotrois\x64\debug\engine.obj
c:\users\tanku\documents\projects\zerotrois\zerotrois\x64\debug\zerotrois.pch
c:\users\tanku\documents\projects\zerotrois\zerotrois\x64\debug\pch.obj
c:\users\tanku\documents\projects\zerotrois\zerotrois\x64\debug\window.obj
c:\users\tanku\documents\projects\zerotrois\zerotrois\x64\debug\swapchain.obj
c:\users\tanku\documents\projects\zerotrois\zerotrois\x64\debug\renderer.obj
c:\users\tanku\documents\projects\zerotrois\zerotrois\x64\debug\pipeline.obj
c:\users\tanku\documents\projects\zerotrois\zerotrois\x64\debug\model.obj
c:\users\tanku\documents\projects\zerotrois\zerotrois\x64\debug\descriptors.obj
c:\users\tanku\documents\projects\zerotrois\x64\debug\zerotrois.lib
c:\users\tanku\documents\projects\zerotrois\zerotrois\x64\debug\zerotrois.pchast
c:\users\tanku\documents\projects\zerotrois\zerotrois\x64\debug\pch.nativecodeanalysis.xml
c:\users\tanku\documents\projects\zerotrois\zerotrois\x64\debug\vc.nativecodeanalysis.all.xml
c:\users\tanku\documents\projects\zerotrois\zerotrois\x64\debug\zerotrois.nativecodeanalysis.xml
c:\users\tanku\documents\projects\zerotrois\zerotrois\x64\debug\zerotrois.tlog\cl.command.1.tlog
c:\users\tanku\documents\projects\zerotrois\zerotrois\x64\debug\zerotrois.tlog\cl.read.1.tlog
c:\users\tanku\documents\projects\zerotrois\zerotrois\x64\debug\zerotrois.tlog\cl.write.1.tlog
c:\users\tanku\documents\projects\zerotrois\zerotrois\x64\debug\zerotrois.tlog\lib-link.read.1.tlog
c:\users\tanku\documents\projects\zerotrois\zerotrois\x64\debug\zerotrois.tlog\lib-link.write.1.tlog
c:\users\tanku\documents\projects\zerotrois\zerotrois\x64\debug\zerotrois.tlog\lib.command.1.tlog
